<?xml version="1.0" encoding="UTF-8"?>
<!-- Generated by org.testng.reporters.JUnitReportReporter -->
<testsuite hostname="JackS" failures="0" tests="1" name="BasicTestScript.ClassA" time="0.016" errors="0" timestamp="2023-07-18T12:29:16 IST" skipped="0">
  <testcase classname="BasicTestScript.ClassA" name="createCustomer" time="0.016"/>
</testsuite> <!-- BasicTestScript.ClassA -->
